/home/dexty/covid-19-master
/home/dexty/covid-19-master/uploads/test/
saving /home/dexty/covid-19-master/uploads/test/Screenshot_from_2020-04-15_16-08-39.png
Exception on /upload [POST]
Traceback (most recent call last):
  File "/home/dexty/.local/lib/python3.8/site-packages/flask/app.py", line 2447, in wsgi_app
    response = self.full_dispatch_request()
  File "/home/dexty/.local/lib/python3.8/site-packages/flask/app.py", line 1952, in full_dispatch_request
    rv = self.handle_user_exception(e)
  File "/home/dexty/.local/lib/python3.8/site-packages/flask/app.py", line 1821, in handle_user_exception
    reraise(exc_type, exc_value, tb)
  File "/home/dexty/.local/lib/python3.8/site-packages/flask/_compat.py", line 39, in reraise
    raise value
  File "/home/dexty/.local/lib/python3.8/site-packages/flask/app.py", line 1950, in full_dispatch_request
    rv = self.dispatch_request()
  File "/home/dexty/.local/lib/python3.8/site-packages/flask/app.py", line 1936, in dispatch_request
    return self.view_functions[rule.endpoint](**req.view_args)
  File "server.py", line 87, in api_root
    isAnamoly,_mse , threshold = anamolyDetector(saved_path)
  File "server.py", line 228, in anamolyDetector
    input_img = Input(batch_shape=(None, img_width, img_width, 3))
  File "/usr/local/lib/python3.8/site-packages/keras/engine/input_layer.py", line 175, in Input
    input_layer = InputLayer(batch_input_shape=batch_shape,
  File "/usr/local/lib/python3.8/site-packages/keras/legacy/interfaces.py", line 91, in wrapper
    return func(*args, **kwargs)
  File "/usr/local/lib/python3.8/site-packages/keras/engine/input_layer.py", line 84, in __init__
    input_tensor = K.placeholder(shape=batch_input_shape,
  File "/usr/local/lib/python3.8/site-packages/keras/backend/tensorflow_backend.py", line 73, in symbolic_fn_wrapper
    if _SYMBOLIC_SCOPE.value:
AttributeError: '_thread._local' object has no attribute 'value'
/home/dexty/covid-19-master
/home/dexty/covid-19-master/uploads/test/
saving /home/dexty/covid-19-master/uploads/test/HeroImage.png
Exception on /upload [POST]
Traceback (most recent call last):
  File "/home/dexty/.local/lib/python3.8/site-packages/flask/app.py", line 2447, in wsgi_app
    response = self.full_dispatch_request()
  File "/home/dexty/.local/lib/python3.8/site-packages/flask/app.py", line 1952, in full_dispatch_request
    rv = self.handle_user_exception(e)
  File "/home/dexty/.local/lib/python3.8/site-packages/flask/app.py", line 1821, in handle_user_exception
    reraise(exc_type, exc_value, tb)
  File "/home/dexty/.local/lib/python3.8/site-packages/flask/_compat.py", line 39, in reraise
    raise value
  File "/home/dexty/.local/lib/python3.8/site-packages/flask/app.py", line 1950, in full_dispatch_request
    rv = self.dispatch_request()
  File "/home/dexty/.local/lib/python3.8/site-packages/flask/app.py", line 1936, in dispatch_request
    return self.view_functions[rule.endpoint](**req.view_args)
  File "server.py", line 87, in api_root
    isAnamoly,_mse , threshold = anamolyDetector(saved_path)
  File "server.py", line 228, in anamolyDetector
    input_img = Input(batch_shape=(None, img_width, img_width, 3))
  File "/usr/local/lib/python3.8/site-packages/keras/engine/input_layer.py", line 175, in Input
    input_layer = InputLayer(batch_input_shape=batch_shape,
  File "/usr/local/lib/python3.8/site-packages/keras/legacy/interfaces.py", line 91, in wrapper
    return func(*args, **kwargs)
  File "/usr/local/lib/python3.8/site-packages/keras/engine/input_layer.py", line 84, in __init__
    input_tensor = K.placeholder(shape=batch_input_shape,
  File "/usr/local/lib/python3.8/site-packages/keras/backend/tensorflow_backend.py", line 73, in symbolic_fn_wrapper
    if _SYMBOLIC_SCOPE.value:
AttributeError: '_thread._local' object has no attribute 'value'
/home/dexty/covid-19-master
/home/dexty/covid-19-master/uploads/test/
saving /home/dexty/covid-19-master/uploads/test/small-memory-lp.jpg
Exception on /upload [POST]
Traceback (most recent call last):
  File "/home/dexty/.local/lib/python3.8/site-packages/flask/app.py", line 2447, in wsgi_app
    response = self.full_dispatch_request()
  File "/home/dexty/.local/lib/python3.8/site-packages/flask/app.py", line 1952, in full_dispatch_request
    rv = self.handle_user_exception(e)
  File "/home/dexty/.local/lib/python3.8/site-packages/flask/app.py", line 1821, in handle_user_exception
    reraise(exc_type, exc_value, tb)
  File "/home/dexty/.local/lib/python3.8/site-packages/flask/_compat.py", line 39, in reraise
    raise value
  File "/home/dexty/.local/lib/python3.8/site-packages/flask/app.py", line 1950, in full_dispatch_request
    rv = self.dispatch_request()
  File "/home/dexty/.local/lib/python3.8/site-packages/flask/app.py", line 1936, in dispatch_request
    return self.view_functions[rule.endpoint](**req.view_args)
  File "server.py", line 87, in api_root
    isAnamoly,_mse , threshold = anamolyDetector(saved_path)
  File "server.py", line 228, in anamolyDetector
    input_img = Input(batch_shape=(None, img_width, img_width, 3))
  File "/usr/local/lib/python3.8/site-packages/keras/engine/input_layer.py", line 175, in Input
    input_layer = InputLayer(batch_input_shape=batch_shape,
  File "/usr/local/lib/python3.8/site-packages/keras/legacy/interfaces.py", line 91, in wrapper
    return func(*args, **kwargs)
  File "/usr/local/lib/python3.8/site-packages/keras/engine/input_layer.py", line 84, in __init__
    input_tensor = K.placeholder(shape=batch_input_shape,
  File "/usr/local/lib/python3.8/site-packages/keras/backend/tensorflow_backend.py", line 73, in symbolic_fn_wrapper
    if _SYMBOLIC_SCOPE.value:
AttributeError: '_thread._local' object has no attribute 'value'
/home/dexty/covid-19-master
/home/dexty/covid-19-master/uploads/test/
saving /home/dexty/covid-19-master/uploads/test/background.jpg
Exception on /upload [POST]
Traceback (most recent call last):
  File "/home/dexty/.local/lib/python3.8/site-packages/flask/app.py", line 2447, in wsgi_app
    response = self.full_dispatch_request()
  File "/home/dexty/.local/lib/python3.8/site-packages/flask/app.py", line 1952, in full_dispatch_request
    rv = self.handle_user_exception(e)
  File "/home/dexty/.local/lib/python3.8/site-packages/flask/app.py", line 1821, in handle_user_exception
    reraise(exc_type, exc_value, tb)
  File "/home/dexty/.local/lib/python3.8/site-packages/flask/_compat.py", line 39, in reraise
    raise value
  File "/home/dexty/.local/lib/python3.8/site-packages/flask/app.py", line 1950, in full_dispatch_request
    rv = self.dispatch_request()
  File "/home/dexty/.local/lib/python3.8/site-packages/flask/app.py", line 1936, in dispatch_request
    return self.view_functions[rule.endpoint](**req.view_args)
  File "server.py", line 87, in api_root
    isAnamoly,_mse , threshold = anamolyDetector(saved_path)
  File "server.py", line 229, in anamolyDetector
    input_img = Input(batch_shape=(None, img_width, img_width, 3))
  File "/usr/local/lib/python3.8/site-packages/keras/engine/input_layer.py", line 175, in Input
    input_layer = InputLayer(batch_input_shape=batch_shape,
  File "/usr/local/lib/python3.8/site-packages/keras/legacy/interfaces.py", line 91, in wrapper
    return func(*args, **kwargs)
  File "/usr/local/lib/python3.8/site-packages/keras/engine/input_layer.py", line 84, in __init__
    input_tensor = K.placeholder(shape=batch_input_shape,
  File "/usr/local/lib/python3.8/site-packages/keras/backend/tensorflow_backend.py", line 73, in symbolic_fn_wrapper
    if _SYMBOLIC_SCOPE.value:
AttributeError: '_thread._local' object has no attribute 'value'
/home/dexty/covid-19-master
/home/dexty/covid-19-master/uploads/test/
saving /home/dexty/covid-19-master/uploads/test/Screenshot_from_2020-04-15_16-08-39.png
_mse: 0.030778165499448916
/home/dexty/covid-19-master
/home/dexty/covid-19-master/uploads/test/
saving /home/dexty/covid-19-master/uploads/test/0_1425760.jpeg
_mse: 0.007225894059400527
/home/dexty/covid-19-master
/home/dexty/covid-19-master/uploads/test/
saving /home/dexty/covid-19-master/uploads/test/4994014ef5c834e4803541aa1dc874_jumbo.jpeg
_mse: 0.012892392004245034
/home/dexty/learn_flask
/home/dexty/learn_flask/uploads/test/
saving /home/dexty/learn_flask/uploads/test/0_3726783.jpeg
_mse: 0.008803542355391023
/home/dexty/learn_flask
/home/dexty/learn_flask/uploads/test/
saving /home/dexty/learn_flask/uploads/test/Screenshot_from_2020-04-10_22-06-40.png
_mse: 0.06481379285932785
/home/dexty/learn_flask
/home/dexty/learn_flask/uploads/test/
saving /home/dexty/learn_flask/uploads/test/0_1886737.jpeg
_mse: 0.009329555784806348
/home/dexty/learn_flask
/home/dexty/learn_flask/uploads/test/
saving /home/dexty/learn_flask/uploads/test/0_1886737.jpeg
_mse: 0.009329555784806348
/home/dexty/learn_flask
/home/dexty/learn_flask/uploads/test/
saving /home/dexty/learn_flask/uploads/test/0_1886737.jpeg
_mse: 0.009329555784806348
/home/dexty/learn_flask
/home/dexty/learn_flask/uploads/test/
saving /home/dexty/learn_flask/uploads/test/0_1886737.jpeg
_mse: 0.009329555784806348
/home/dexty/learn_flask
/home/dexty/learn_flask/uploads/test/
saving /home/dexty/learn_flask/uploads/test/0_1086864.jpeg
_mse: 0.007180688841134397
/home/dexty/learn_flask
/home/dexty/learn_flask/uploads/test/
saving /home/dexty/learn_flask/uploads/test/x_ray.jpg
_mse: 0.007986236612913762
/home/dexty/learn_flask
/home/dexty/learn_flask/uploads/test/
saving /home/dexty/learn_flask/uploads/test/Chest.jpeg
_mse: 0.0075259516505655835
/home/dexty/learn_flask
/home/dexty/learn_flask/uploads/test/
saving /home/dexty/learn_flask/uploads/test/1_2295009.jpeg
_mse: 0.0051100049837448785
/home/dexty/learn_flask
/home/dexty/learn_flask/uploads/test/
saving /home/dexty/learn_flask/uploads/test/0_2960436.jpeg
_mse: 0.006997758042614553
/home/dexty/learn_flask
/home/dexty/learn_flask/uploads/test/
saving /home/dexty/learn_flask/uploads/test/0_2960436.jpeg
_mse: 0.006997758042614553
/home/dexty/learn_flask
/home/dexty/learn_flask/uploads/test/
saving /home/dexty/learn_flask/uploads/test/1_2295009.jpeg
_mse: 0.0051100049837448785
/home/dexty/learn_flask
/home/dexty/learn_flask/uploads/test/
saving /home/dexty/learn_flask/uploads/test/Screenshot_from_2020-04-10_22-06-40.png
_mse: 0.06481379285932785
/home/dexty/learn_flask
/home/dexty/learn_flask/uploads/test/
saving /home/dexty/learn_flask/uploads/test/Screenshot_from_2020-04-10_22-06-40.png
_mse: 0.06481379285932785
/home/dexty/learn_flask
/home/dexty/learn_flask/uploads/test/
saving /home/dexty/learn_flask/uploads/test/1_2295009.jpeg
_mse: 0.0051100049837448785
/home/dexty/learn_flask
/home/dexty/learn_flask/uploads/test/
saving /home/dexty/learn_flask/uploads/test/0_2960436.jpeg
_mse: 0.006997758042614553
/home/dexty/learn_flask
/home/dexty/learn_flask/uploads/test/
saving /home/dexty/learn_flask/uploads/test/1_2295009.jpeg
_mse: 0.0051100049837448785
